<?xml version="1.0" encoding="UTF-8"?>
<coverage generated="1764648633330" clover="3.2.0">
  <project timestamp="1764648633330" name="All files">
    <metrics statements="370" coveredstatements="283" conditionals="141" coveredconditionals="106" methods="40" coveredmethods="27" elements="551" coveredelements="416" complexity="0" loc="370" ncloc="370" packages="1" files="6" classes="6"/>
    <file name="auth.js" path="/home/projeto/Portifolio-de-Projeto/DarkAccess/Back-End/routes/auth.js">
      <metrics statements="60" coveredstatements="60" conditionals="27" coveredconditionals="24" methods="5" coveredmethods="5"/>
      <line num="1" count="2" type="stmt"/>
      <line num="2" count="2" type="stmt"/>
      <line num="3" count="2" type="stmt"/>
      <line num="4" count="2" type="stmt"/>
      <line num="10" count="2" type="stmt"/>
      <line num="11" count="4" type="stmt"/>
      <line num="13" count="4" type="stmt"/>
      <line num="14" count="4" type="stmt"/>
      <line num="20" count="3" type="cond" truecount="2" falsecount="0"/>
      <line num="21" count="1" type="stmt"/>
      <line num="23" count="2" type="stmt"/>
      <line num="26" count="2" type="stmt"/>
      <line num="28" count="2" type="stmt"/>
      <line num="29" count="2" type="stmt"/>
      <line num="38" count="1" type="stmt"/>
      <line num="39" count="1" type="stmt"/>
      <line num="40" count="1" type="stmt"/>
      <line num="42" count="1" type="stmt"/>
      <line num="45" count="1" type="stmt"/>
      <line num="46" count="1" type="stmt"/>
      <line num="47" count="1" type="stmt"/>
      <line num="51" count="2" type="cond" truecount="1" falsecount="1"/>
      <line num="53" count="2" type="stmt"/>
      <line num="59" count="1" type="stmt"/>
      <line num="60" count="1" type="stmt"/>
      <line num="61" count="1" type="stmt"/>
      <line num="68" count="2" type="stmt"/>
      <line num="69" count="4" type="stmt"/>
      <line num="71" count="4" type="cond" truecount="5" falsecount="0"/>
      <line num="72" count="1" type="stmt"/>
      <line num="74" count="3" type="stmt"/>
      <line num="75" count="3" type="stmt"/>
      <line num="77" count="3" type="stmt"/>
      <line num="84" count="2" type="stmt"/>
      <line num="91" count="1" type="stmt"/>
      <line num="92" count="1" type="stmt"/>
      <line num="99" count="2" type="stmt"/>
      <line num="100" count="7" type="stmt"/>
      <line num="102" count="7" type="cond" truecount="4" falsecount="0"/>
      <line num="103" count="1" type="stmt"/>
      <line num="105" count="6" type="stmt"/>
      <line num="106" count="6" type="stmt"/>
      <line num="111" count="5" type="cond" truecount="2" falsecount="0"/>
      <line num="113" count="4" type="stmt"/>
      <line num="114" count="4" type="stmt"/>
      <line num="116" count="4" type="cond" truecount="2" falsecount="0"/>
      <line num="119" count="3" type="cond" truecount="4" falsecount="0"/>
      <line num="120" count="1" type="stmt"/>
      <line num="124" count="1" type="stmt"/>
      <line num="127" count="3" type="stmt"/>
      <line num="139" count="1" type="stmt"/>
      <line num="140" count="1" type="stmt"/>
      <line num="148" count="2" type="stmt"/>
      <line num="149" count="3" type="stmt"/>
      <line num="151" count="3" type="stmt"/>
      <line num="167" count="3" type="stmt"/>
      <line num="176" count="2" type="stmt"/>
      <line num="182" count="1" type="stmt"/>
      <line num="183" count="1" type="stmt"/>
      <line num="187" count="2" type="stmt"/>
    </file>
    <file name="conquistas.js" path="/home/projeto/Portifolio-de-Projeto/DarkAccess/Back-End/routes/conquistas.js">
      <metrics statements="11" coveredstatements="11" conditionals="0" coveredconditionals="0" methods="1" coveredmethods="1"/>
      <line num="1" count="2" type="stmt"/>
      <line num="2" count="2" type="stmt"/>
      <line num="3" count="2" type="stmt"/>
      <line num="5" count="2" type="stmt"/>
      <line num="6" count="4" type="stmt"/>
      <line num="8" count="4" type="stmt"/>
      <line num="9" count="4" type="stmt"/>
      <line num="16" count="3" type="stmt"/>
      <line num="18" count="1" type="stmt"/>
      <line num="19" count="1" type="stmt"/>
      <line num="23" count="2" type="stmt"/>
    </file>
    <file name="deepweb.js" path="/home/projeto/Portifolio-de-Projeto/DarkAccess/Back-End/routes/deepweb.js">
      <metrics statements="18" coveredstatements="18" conditionals="10" coveredconditionals="10" methods="1" coveredmethods="1"/>
      <line num="1" count="1" type="stmt"/>
      <line num="2" count="1" type="stmt"/>
      <line num="3" count="1" type="stmt"/>
      <line num="5" count="1" type="stmt"/>
      <line num="6" count="7" type="stmt"/>
      <line num="8" count="7" type="cond" truecount="5" falsecount="0"/>
      <line num="9" count="1" type="stmt"/>
      <line num="11" count="6" type="stmt"/>
      <line num="12" count="6" type="stmt"/>
      <line num="13" count="6" type="stmt"/>
      <line num="15" count="6" type="cond" truecount="5" falsecount="0"/>
      <line num="16" count="3" type="stmt"/>
      <line num="18" count="3" type="stmt"/>
      <line num="19" count="3" type="stmt"/>
      <line num="24" count="2" type="stmt"/>
      <line num="27" count="1" type="stmt"/>
      <line num="28" count="1" type="stmt"/>
      <line num="32" count="1" type="stmt"/>
    </file>
    <file name="docker.js" path="/home/projeto/Portifolio-de-Projeto/DarkAccess/Back-End/routes/docker.js">
      <metrics statements="177" coveredstatements="92" conditionals="50" coveredconditionals="26" methods="25" coveredmethods="12"/>
      <line num="1" count="1" type="stmt"/>
      <line num="2" count="1" type="stmt"/>
      <line num="3" count="1" type="stmt"/>
      <line num="4" count="1" type="stmt"/>
      <line num="8" count="1" type="stmt"/>
      <line num="11" count="1" type="stmt"/>
      <line num="12" count="1" type="cond" truecount="1" falsecount="1"/>
      <line num="13" count="1" type="cond" truecount="1" falsecount="1"/>
      <line num="16" count="1" type="stmt"/>
      <line num="19" count="1" type="stmt"/>
      <line num="40" count="4" type="stmt"/>
      <line num="42" count="4" type="stmt"/>
      <line num="47" count="0" type="stmt"/>
      <line num="49" count="0" type="cond" truecount="0" falsecount="2"/>
      <line num="51" count="0" type="stmt"/>
      <line num="52" count="0" type="stmt"/>
      <line num="54" count="0" type="stmt"/>
      <line num="58" count="0" type="stmt"/>
      <line num="59" count="0" type="stmt"/>
      <line num="60" count="0" type="stmt"/>
      <line num="61" count="0" type="stmt"/>
      <line num="63" count="0" type="cond" truecount="0" falsecount="2"/>
      <line num="64" count="0" type="stmt"/>
      <line num="65" count="0" type="stmt"/>
      <line num="67" count="0" type="stmt"/>
      <line num="71" count="0" type="stmt"/>
      <line num="73" count="4" type="stmt"/>
      <line num="75" count="4" type="stmt"/>
      <line num="83" count="0" type="stmt"/>
      <line num="84" count="0" type="stmt"/>
      <line num="89" count="0" type="stmt"/>
      <line num="90" count="0" type="stmt"/>
      <line num="91" count="0" type="stmt"/>
      <line num="94" count="0" type="stmt"/>
      <line num="95" count="0" type="stmt"/>
      <line num="98" count="0" type="stmt"/>
      <line num="106" count="4" type="stmt"/>
      <line num="107" count="4" type="stmt"/>
      <line num="109" count="4" type="stmt"/>
      <line num="111" count="4" type="stmt"/>
      <line num="119" count="4" type="cond" truecount="1" falsecount="1"/>
      <line num="120" count="0" type="stmt"/>
      <line num="123" count="0" type="stmt"/>
      <line num="126" count="0" type="stmt"/>
      <line num="127" count="0" type="stmt"/>
      <line num="138" count="4" type="stmt"/>
      <line num="139" count="4" type="stmt"/>
      <line num="142" count="4" type="stmt"/>
      <line num="144" count="4" type="stmt"/>
      <line num="146" count="4" type="stmt"/>
      <line num="147" count="4" type="stmt"/>
      <line num="149" count="4" type="stmt"/>
      <line num="150" count="2" type="stmt"/>
      <line num="153" count="2" type="stmt"/>
      <line num="154" count="0" type="stmt"/>
      <line num="155" count="0" type="stmt"/>
      <line num="156" count="0" type="stmt"/>
      <line num="159" count="2" type="stmt"/>
      <line num="160" count="2" type="cond" truecount="3" falsecount="1"/>
      <line num="161" count="0" type="stmt"/>
      <line num="162" count="0" type="stmt"/>
      <line num="165" count="2" type="cond" truecount="3" falsecount="1"/>
      <line num="167" count="0" type="stmt"/>
      <line num="169" count="2" type="stmt"/>
      <line num="174" count="2" type="stmt"/>
      <line num="175" count="0" type="stmt"/>
      <line num="184" count="0" type="stmt"/>
      <line num="185" count="0" type="stmt"/>
      <line num="187" count="0" type="stmt"/>
      <line num="189" count="0" type="stmt"/>
      <line num="190" count="0" type="stmt"/>
      <line num="191" count="0" type="stmt"/>
      <line num="194" count="0" type="stmt"/>
      <line num="195" count="0" type="stmt"/>
      <line num="196" count="0" type="stmt"/>
      <line num="205" count="1" type="stmt"/>
      <line num="206" count="8" type="stmt"/>
      <line num="208" count="8" type="cond" truecount="4" falsecount="0"/>
      <line num="209" count="3" type="stmt"/>
      <line num="215" count="5" type="stmt"/>
      <line num="216" count="5" type="cond" truecount="2" falsecount="0"/>
      <line num="217" count="1" type="stmt"/>
      <line num="223" count="4" type="stmt"/>
      <line num="225" count="4" type="stmt"/>
      <line num="228" count="4" type="stmt"/>
      <line num="234" count="4" type="cond" truecount="2" falsecount="0"/>
      <line num="235" count="1" type="stmt"/>
      <line num="236" count="1" type="stmt"/>
      <line num="238" count="1" type="cond" truecount="1" falsecount="1"/>
      <line num="240" count="0" type="cond" truecount="0" falsecount="2"/>
      <line num="244" count="0" type="stmt"/>
      <line num="246" count="0" type="stmt"/>
      <line num="254" count="1" type="stmt"/>
      <line num="255" count="1" type="stmt"/>
      <line num="259" count="1" type="stmt"/>
      <line num="264" count="4" type="cond" truecount="1" falsecount="1"/>
      <line num="265" count="0" type="stmt"/>
      <line num="266" count="0" type="stmt"/>
      <line num="268" count="0" type="cond" truecount="0" falsecount="2"/>
      <line num="269" count="0" type="stmt"/>
      <line num="274" count="4" type="stmt"/>
      <line num="275" count="4" type="stmt"/>
      <line num="278" count="4" type="cond" truecount="1" falsecount="1"/>
      <line num="280" count="0" type="stmt"/>
      <line num="283" count="0" type="stmt"/>
      <line num="284" count="0" type="stmt"/>
      <line num="285" count="0" type="stmt"/>
      <line num="289" count="4" type="stmt"/>
      <line num="290" count="4" type="stmt"/>
      <line num="292" count="4" type="stmt"/>
      <line num="293" count="4" type="stmt"/>
      <line num="294" count="4" type="stmt"/>
      <line num="295" count="4" type="stmt"/>
      <line num="297" count="4" type="stmt"/>
      <line num="298" count="0" type="stmt"/>
      <line num="299" count="0" type="stmt"/>
      <line num="302" count="0" type="stmt"/>
      <line num="303" count="0" type="stmt"/>
      <line num="304" count="0" type="stmt"/>
      <line num="307" count="4" type="stmt"/>
      <line num="310" count="4" type="cond" truecount="1" falsecount="1"/>
      <line num="311" count="0" type="stmt"/>
      <line num="312" count="0" type="stmt"/>
      <line num="313" count="0" type="stmt"/>
      <line num="316" count="4" type="stmt"/>
      <line num="322" count="0" type="cond" truecount="0" falsecount="2"/>
      <line num="323" count="0" type="stmt"/>
      <line num="328" count="0" type="stmt"/>
      <line num="338" count="0" type="stmt"/>
      <line num="341" count="0" type="stmt"/>
      <line num="353" count="0" type="stmt"/>
      <line num="362" count="4" type="stmt"/>
      <line num="363" count="4" type="stmt"/>
      <line num="374" count="1" type="stmt"/>
      <line num="375" count="7" type="stmt"/>
      <line num="377" count="7" type="cond" truecount="4" falsecount="0"/>
      <line num="378" count="3" type="stmt"/>
      <line num="384" count="4" type="stmt"/>
      <line num="385" count="4" type="stmt"/>
      <line num="386" count="4" type="stmt"/>
      <line num="388" count="4" type="cond" truecount="1" falsecount="1"/>
      <line num="389" count="4" type="stmt"/>
      <line num="396" count="0" type="stmt"/>
      <line num="399" count="0" type="stmt"/>
      <line num="402" count="0" type="stmt"/>
      <line num="407" count="0" type="stmt"/>
      <line num="413" count="0" type="stmt"/>
      <line num="414" count="0" type="stmt"/>
      <line num="425" count="1" type="stmt"/>
      <line num="426" count="5" type="stmt"/>
      <line num="428" count="5" type="stmt"/>
      <line num="429" count="5" type="stmt"/>
      <line num="436" count="4" type="stmt"/>
      <line num="442" count="1" type="stmt"/>
      <line num="443" count="1" type="stmt"/>
      <line num="454" count="1" type="stmt"/>
      <line num="455" count="1" type="stmt"/>
      <line num="457" count="1" type="stmt"/>
      <line num="458" count="1" type="stmt"/>
      <line num="459" count="1" type="stmt"/>
      <line num="462" count="1" type="stmt"/>
      <line num="463" count="1" type="stmt"/>
      <line num="466" count="1" type="stmt"/>
      <line num="474" count="0" type="stmt"/>
      <line num="475" count="0" type="stmt"/>
      <line num="477" count="0" type="stmt"/>
      <line num="479" count="0" type="stmt"/>
      <line num="480" count="0" type="stmt"/>
      <line num="482" count="0" type="cond" truecount="0" falsecount="2"/>
      <line num="483" count="0" type="stmt"/>
      <line num="485" count="0" type="stmt"/>
      <line num="486" count="0" type="stmt"/>
      <line num="487" count="0" type="stmt"/>
      <line num="489" count="0" type="stmt"/>
      <line num="494" count="0" type="stmt"/>
      <line num="501" count="1" type="stmt"/>
      <line num="503" count="1" type="stmt"/>
    </file>
    <file name="labs.js" path="/home/projeto/Portifolio-de-Projeto/DarkAccess/Back-End/routes/labs.js">
      <metrics statements="12" coveredstatements="12" conditionals="4" coveredconditionals="4" methods="2" coveredmethods="2"/>
      <line num="1" count="1" type="stmt"/>
      <line num="2" count="1" type="stmt"/>
      <line num="4" count="1" type="stmt"/>
      <line num="5" count="7" type="stmt"/>
      <line num="6" count="7" type="cond" truecount="2" falsecount="0"/>
      <line num="8" count="7" type="stmt"/>
      <line num="13" count="7" type="cond" truecount="2" falsecount="0"/>
      <line num="14" count="3" type="stmt"/>
      <line num="16" count="4" type="stmt"/>
      <line num="23" count="1" type="stmt"/>
      <line num="24" count="2" type="stmt"/>
      <line num="27" count="1" type="stmt"/>
    </file>
    <file name="narrador.js" path="/home/projeto/Portifolio-de-Projeto/DarkAccess/Back-End/routes/narrador.js">
      <metrics statements="92" coveredstatements="90" conditionals="50" coveredconditionals="42" methods="6" coveredmethods="6"/>
      <line num="1" count="2" type="stmt"/>
      <line num="2" count="2" type="stmt"/>
      <line num="3" count="2" type="stmt"/>
      <line num="10" count="2" type="stmt"/>
      <line num="11" count="8" type="stmt"/>
      <line num="12" count="8" type="stmt"/>
      <line num="13" count="8" type="stmt"/>
      <line num="15" count="8" type="stmt"/>
      <line num="18" count="8" type="stmt"/>
      <line num="21" count="8" type="stmt"/>
      <line num="27" count="8" type="stmt"/>
      <line num="30" count="8" type="cond" truecount="2" falsecount="0"/>
      <line num="31" count="2" type="stmt"/>
      <line num="32" count="2" type="stmt"/>
      <line num="35" count="8" type="stmt"/>
      <line num="37" count="8" type="stmt"/>
      <line num="39" count="7" type="cond" truecount="2" falsecount="0"/>
      <line num="40" count="2" type="cond" truecount="2" falsecount="0"/>
      <line num="41" count="1" type="stmt"/>
      <line num="42" count="1" type="stmt"/>
      <line num="49" count="1" type="stmt"/>
      <line num="56" count="5" type="stmt"/>
      <line num="57" count="8" type="stmt"/>
      <line num="58" count="8" type="cond" truecount="4" falsecount="0"/>
      <line num="62" count="5" type="stmt"/>
      <line num="63" count="5" type="cond" truecount="2" falsecount="0"/>
      <line num="65" count="5" type="stmt"/>
      <line num="75" count="1" type="stmt"/>
      <line num="76" count="1" type="stmt"/>
      <line num="83" count="2" type="stmt"/>
      <line num="84" count="7" type="stmt"/>
      <line num="86" count="7" type="cond" truecount="4" falsecount="0"/>
      <line num="87" count="1" type="stmt"/>
      <line num="89" count="6" type="stmt"/>
      <line num="90" count="6" type="stmt"/>
      <line num="97" count="5" type="cond" truecount="2" falsecount="0"/>
      <line num="98" count="1" type="stmt"/>
      <line num="100" count="4" type="stmt"/>
      <line num="103" count="4" type="cond" truecount="2" falsecount="0"/>
      <line num="106" count="3" type="stmt"/>
      <line num="111" count="3" type="stmt"/>
      <line num="116" count="3" type="cond" truecount="1" falsecount="1"/>
      <line num="117" count="3" type="stmt"/>
      <line num="120" count="3" type="cond" truecount="1" falsecount="1"/>
      <line num="121" count="3" type="stmt"/>
      <line num="125" count="3" type="cond" truecount="1" falsecount="1"/>
      <line num="126" count="3" type="stmt"/>
      <line num="132" count="3" type="stmt"/>
      <line num="134" count="0" type="stmt"/>
      <line num="139" count="3" type="cond" truecount="1" falsecount="1"/>
      <line num="140" count="3" type="stmt"/>
      <line num="146" count="3" type="stmt"/>
      <line num="150" count="3" type="stmt"/>
      <line num="154" count="3" type="cond" truecount="1" falsecount="1"/>
      <line num="156" count="3" type="stmt"/>
      <line num="166" count="1" type="stmt"/>
      <line num="173" count="1" type="cond" truecount="1" falsecount="1"/>
      <line num="174" count="1" type="stmt"/>
      <line num="176" count="1" type="stmt"/>
      <line num="184" count="1" type="stmt"/>
      <line num="185" count="1" type="stmt"/>
      <line num="192" count="2" type="stmt"/>
      <line num="193" count="4" type="stmt"/>
      <line num="194" count="4" type="stmt"/>
      <line num="196" count="4" type="stmt"/>
      <line num="197" count="4" type="stmt"/>
      <line num="202" count="3" type="cond" truecount="2" falsecount="0"/>
      <line num="203" count="1" type="stmt"/>
      <line num="206" count="2" type="cond" truecount="2" falsecount="0"/>
      <line num="207" count="1" type="stmt"/>
      <line num="214" count="2" type="stmt"/>
      <line num="217" count="1" type="stmt"/>
      <line num="218" count="1" type="stmt"/>
      <line num="226" count="2" type="stmt"/>
      <line num="227" count="4" type="stmt"/>
      <line num="229" count="4" type="cond" truecount="4" falsecount="0"/>
      <line num="230" count="1" type="stmt"/>
      <line num="232" count="3" type="stmt"/>
      <line num="234" count="3" type="stmt"/>
      <line num="238" count="2" type="stmt"/>
      <line num="239" count="2" type="stmt"/>
      <line num="242" count="2" type="stmt"/>
      <line num="249" count="2" type="cond" truecount="4" falsecount="0"/>
      <line num="250" count="1" type="stmt"/>
      <line num="254" count="1" type="cond" truecount="1" falsecount="1"/>
      <line num="255" count="1" type="stmt"/>
      <line num="261" count="1" type="stmt"/>
      <line num="263" count="0" type="stmt"/>
      <line num="267" count="2" type="stmt"/>
      <line num="270" count="1" type="stmt"/>
      <line num="271" count="1" type="stmt"/>
      <line num="275" count="2" type="stmt"/>
    </file>
  </project>
</coverage>
