{"/home/projeto/Portifolio-de-Projeto/DarkAccess/Back-End/routes/auth.js": {"path":"/home/projeto/Portifolio-de-Projeto/DarkAccess/Back-End/routes/auth.js","statementMap":{"0":{"start":{"line":1,"column":16},"end":{"line":1,"column":34}},"1":{"start":{"line":2,"column":15},"end":{"line":2,"column":31}},"2":{"start":{"line":3,"column":15},"end":{"line":3,"column":32}},"3":{"start":{"line":4,"column":11},"end":{"line":4,"column":27}},"4":{"start":{"line":10,"column":0},"end":{"line":63,"column":3}},"5":{"start":{"line":11,"column":17},"end":{"line":11,"column":27}},"6":{"start":{"line":13,"column":2},"end":{"line":62,"column":3}},"7":{"start":{"line":14,"column":22},"end":{"line":18,"column":5}},"8":{"start":{"line":20,"column":4},"end":{"line":21,"column":90}},"9":{"start":{"line":21,"column":6},"end":{"line":21,"column":90}},"10":{"start":{"line":23,"column":17},"end":{"line":23,"column":34}},"11":{"start":{"line":26,"column":4},"end":{"line":26,"column":64}},"12":{"start":{"line":28,"column":4},"end":{"line":48,"column":5}},"13":{"start":{"line":29,"column":30},"end":{"line":36,"column":7}},"14":{"start":{"line":38,"column":6},"end":{"line":38,"column":52}},"15":{"start":{"line":39,"column":6},"end":{"line":39,"column":88}},"16":{"start":{"line":40,"column":6},"end":{"line":40,"column":69}},"17":{"start":{"line":42,"column":6},"end":{"line":42,"column":45}},"18":{"start":{"line":45,"column":6},"end":{"line":45,"column":93}},"19":{"start":{"line":46,"column":6},"end":{"line":46,"column":50}},"20":{"start":{"line":47,"column":6},"end":{"line":47,"column":27}},"21":{"start":{"line":51,"column":4},"end":{"line":51,"column":33}},"22":{"start":{"line":53,"column":4},"end":{"line":56,"column":7}},"23":{"start":{"line":59,"column":4},"end":{"line":59,"column":50}},"24":{"start":{"line":60,"column":4},"end":{"line":60,"column":39}},"25":{"start":{"line":61,"column":4},"end":{"line":61,"column":90}},"26":{"start":{"line":68,"column":0},"end":{"line":94,"column":3}},"27":{"start":{"line":69,"column":40},"end":{"line":69,"column":48}},"28":{"start":{"line":71,"column":2},"end":{"line":72,"column":84}},"29":{"start":{"line":72,"column":4},"end":{"line":72,"column":84}},"30":{"start":{"line":74,"column":2},"end":{"line":93,"column":3}},"31":{"start":{"line":75,"column":17},"end":{"line":75,"column":48}},"32":{"start":{"line":77,"column":19},"end":{"line":82,"column":5}},"33":{"start":{"line":84,"column":4},"end":{"line":88,"column":7}},"34":{"start":{"line":91,"column":4},"end":{"line":91,"column":41}},"35":{"start":{"line":92,"column":4},"end":{"line":92,"column":75}},"36":{"start":{"line":99,"column":0},"end":{"line":142,"column":3}},"37":{"start":{"line":100,"column":35},"end":{"line":100,"column":43}},"38":{"start":{"line":102,"column":2},"end":{"line":103,"column":81}},"39":{"start":{"line":103,"column":4},"end":{"line":103,"column":81}},"40":{"start":{"line":105,"column":2},"end":{"line":141,"column":3}},"41":{"start":{"line":106,"column":14},"end":{"line":109,"column":5}},"42":{"start":{"line":111,"column":4},"end":{"line":111,"column":108}},"43":{"start":{"line":111,"column":24},"end":{"line":111,"column":108}},"44":{"start":{"line":113,"column":17},"end":{"line":113,"column":26}},"45":{"start":{"line":114,"column":20},"end":{"line":114,"column":70}},"46":{"start":{"line":116,"column":4},"end":{"line":116,"column":95}},"47":{"start":{"line":116,"column":18},"end":{"line":116,"column":95}},"48":{"start":{"line":119,"column":4},"end":{"line":125,"column":5}},"49":{"start":{"line":120,"column":6},"end":{"line":123,"column":8}},"50":{"start":{"line":124,"column":6},"end":{"line":124,"column":54}},"51":{"start":{"line":127,"column":4},"end":{"line":136,"column":7}},"52":{"start":{"line":139,"column":4},"end":{"line":139,"column":38}},"53":{"start":{"line":140,"column":4},"end":{"line":140,"column":75}},"54":{"start":{"line":148,"column":0},"end":{"line":185,"column":3}},"55":{"start":{"line":149,"column":2},"end":{"line":184,"column":3}},"56":{"start":{"line":151,"column":25},"end":{"line":165,"column":6}},"57":{"start":{"line":167,"column":20},"end":{"line":174,"column":7}},"58":{"start":{"line":167,"column":59},"end":{"line":174,"column":5}},"59":{"start":{"line":176,"column":4},"end":{"line":179,"column":7}},"60":{"start":{"line":182,"column":4},"end":{"line":182,"column":50}},"61":{"start":{"line":183,"column":4},"end":{"line":183,"column":75}},"62":{"start":{"line":187,"column":0},"end":{"line":187,"column":24}}},"fnMap":{"0":{"name":"(anonymous_0)","decl":{"start":{"line":10,"column":24},"end":{"line":10,"column":25}},"loc":{"start":{"line":10,"column":44},"end":{"line":63,"column":1}},"line":10},"1":{"name":"(anonymous_1)","decl":{"start":{"line":68,"column":25},"end":{"line":68,"column":26}},"loc":{"start":{"line":68,"column":45},"end":{"line":94,"column":1}},"line":68},"2":{"name":"(anonymous_2)","decl":{"start":{"line":99,"column":22},"end":{"line":99,"column":23}},"loc":{"start":{"line":99,"column":42},"end":{"line":142,"column":1}},"line":99},"3":{"name":"(anonymous_3)","decl":{"start":{"line":148,"column":23},"end":{"line":148,"column":24}},"loc":{"start":{"line":148,"column":43},"end":{"line":185,"column":1}},"line":148},"4":{"name":"(anonymous_4)","decl":{"start":{"line":167,"column":42},"end":{"line":167,"column":43}},"loc":{"start":{"line":167,"column":59},"end":{"line":174,"column":5}},"line":167}},"branchMap":{"0":{"loc":{"start":{"line":20,"column":4},"end":{"line":21,"column":90}},"type":"if","locations":[{"start":{"line":20,"column":4},"end":{"line":21,"column":90}},{"start":{},"end":{}}],"line":20},"1":{"loc":{"start":{"line":51,"column":17},"end":{"line":51,"column":32}},"type":"binary-expr","locations":[{"start":{"line":51,"column":17},"end":{"line":51,"column":27}},{"start":{"line":51,"column":31},"end":{"line":51,"column":32}}],"line":51},"2":{"loc":{"start":{"line":71,"column":2},"end":{"line":72,"column":84}},"type":"if","locations":[{"start":{"line":71,"column":2},"end":{"line":72,"column":84}},{"start":{},"end":{}}],"line":71},"3":{"loc":{"start":{"line":71,"column":6},"end":{"line":71,"column":38}},"type":"binary-expr","locations":[{"start":{"line":71,"column":6},"end":{"line":71,"column":15}},{"start":{"line":71,"column":19},"end":{"line":71,"column":25}},{"start":{"line":71,"column":29},"end":{"line":71,"column":38}}],"line":71},"4":{"loc":{"start":{"line":102,"column":2},"end":{"line":103,"column":81}},"type":"if","locations":[{"start":{"line":102,"column":2},"end":{"line":103,"column":81}},{"start":{},"end":{}}],"line":102},"5":{"loc":{"start":{"line":102,"column":6},"end":{"line":102,"column":30}},"type":"binary-expr","locations":[{"start":{"line":102,"column":6},"end":{"line":102,"column":17}},{"start":{"line":102,"column":21},"end":{"line":102,"column":30}}],"line":102},"6":{"loc":{"start":{"line":111,"column":4},"end":{"line":111,"column":108}},"type":"if","locations":[{"start":{"line":111,"column":4},"end":{"line":111,"column":108}},{"start":{},"end":{}}],"line":111},"7":{"loc":{"start":{"line":116,"column":4},"end":{"line":116,"column":95}},"type":"if","locations":[{"start":{"line":116,"column":4},"end":{"line":116,"column":95}},{"start":{},"end":{}}],"line":116},"8":{"loc":{"start":{"line":119,"column":4},"end":{"line":125,"column":5}},"type":"if","locations":[{"start":{"line":119,"column":4},"end":{"line":125,"column":5}},{"start":{},"end":{}}],"line":119},"9":{"loc":{"start":{"line":119,"column":8},"end":{"line":119,"column":78}},"type":"binary-expr","locations":[{"start":{"line":119,"column":8},"end":{"line":119,"column":29}},{"start":{"line":119,"column":33},"end":{"line":119,"column":78}}],"line":119},"10":{"loc":{"start":{"line":171,"column":13},"end":{"line":171,"column":29}},"type":"binary-expr","locations":[{"start":{"line":171,"column":13},"end":{"line":171,"column":22}},{"start":{"line":171,"column":26},"end":{"line":171,"column":29}}],"line":171},"11":{"loc":{"start":{"line":172,"column":18},"end":{"line":172,"column":53}},"type":"binary-expr","locations":[{"start":{"line":172,"column":18},"end":{"line":172,"column":48}},{"start":{"line":172,"column":52},"end":{"line":172,"column":53}}],"line":172},"12":{"loc":{"start":{"line":173,"column":20},"end":{"line":173,"column":51}},"type":"binary-expr","locations":[{"start":{"line":173,"column":20},"end":{"line":173,"column":46}},{"start":{"line":173,"column":50},"end":{"line":173,"column":51}}],"line":173}},"s":{"0":2,"1":2,"2":2,"3":2,"4":2,"5":4,"6":4,"7":4,"8":3,"9":1,"10":2,"11":2,"12":2,"13":2,"14":1,"15":1,"16":1,"17":1,"18":1,"19":1,"20":1,"21":2,"22":2,"23":1,"24":1,"25":1,"26":2,"27":4,"28":4,"29":1,"30":3,"31":3,"32":3,"33":2,"34":1,"35":1,"36":2,"37":7,"38":7,"39":1,"40":6,"41":6,"42":5,"43":1,"44":4,"45":4,"46":4,"47":1,"48":3,"49":1,"50":1,"51":3,"52":1,"53":1,"54":2,"55":3,"56":3,"57":2,"58":3,"59":2,"60":1,"61":1,"62":2},"f":{"0":4,"1":4,"2":7,"3":3,"4":3},"b":{"0":[1,2],"1":[2,0],"2":[1,3],"3":[4,4,3],"4":[1,6],"5":[7,7],"6":[1,4],"7":[1,3],"8":[1,2],"9":[3,1],"10":[3,0],"11":[3,0],"12":[3,1]},"_coverageSchema":"1a1c01bbd47fc00a2c39e90264f33305004495a9","hash":"1bdac94f25171cf50c2427831d8bc01c6cfb1912"}
,"/home/projeto/Portifolio-de-Projeto/DarkAccess/Back-End/routes/conquistas.js": {"path":"/home/projeto/Portifolio-de-Projeto/DarkAccess/Back-End/routes/conquistas.js","statementMap":{"0":{"start":{"line":1,"column":16},"end":{"line":1,"column":34}},"1":{"start":{"line":2,"column":15},"end":{"line":2,"column":31}},"2":{"start":{"line":3,"column":11},"end":{"line":3,"column":27}},"3":{"start":{"line":5,"column":0},"end":{"line":21,"column":3}},"4":{"start":{"line":6,"column":17},"end":{"line":6,"column":27}},"5":{"start":{"line":8,"column":2},"end":{"line":20,"column":3}},"6":{"start":{"line":9,"column":14},"end":{"line":14,"column":12}},"7":{"start":{"line":16,"column":4},"end":{"line":16,"column":52}},"8":{"start":{"line":18,"column":4},"end":{"line":18,"column":43}},"9":{"start":{"line":19,"column":4},"end":{"line":19,"column":45}},"10":{"start":{"line":23,"column":0},"end":{"line":23,"column":24}}},"fnMap":{"0":{"name":"(anonymous_0)","decl":{"start":{"line":5,"column":19},"end":{"line":5,"column":20}},"loc":{"start":{"line":5,"column":39},"end":{"line":21,"column":1}},"line":5}},"branchMap":{},"s":{"0":2,"1":2,"2":2,"3":2,"4":4,"5":4,"6":4,"7":3,"8":1,"9":1,"10":2},"f":{"0":4},"b":{},"_coverageSchema":"1a1c01bbd47fc00a2c39e90264f33305004495a9","hash":"cc3462de8706ebff4a58980abb79f31665cce73f"}
,"/home/projeto/Portifolio-de-Projeto/DarkAccess/Back-End/routes/deepweb.js": {"path":"/home/projeto/Portifolio-de-Projeto/DarkAccess/Back-End/routes/deepweb.js","statementMap":{"0":{"start":{"line":1,"column":16},"end":{"line":1,"column":34}},"1":{"start":{"line":2,"column":15},"end":{"line":2,"column":31}},"2":{"start":{"line":3,"column":11},"end":{"line":3,"column":27}},"3":{"start":{"line":5,"column":0},"end":{"line":30,"column":3}},"4":{"start":{"line":6,"column":45},"end":{"line":6,"column":53}},"5":{"start":{"line":8,"column":2},"end":{"line":9,"column":80}},"6":{"start":{"line":9,"column":4},"end":{"line":9,"column":80}},"7":{"start":{"line":11,"column":19},"end":{"line":11,"column":39}},"8":{"start":{"line":12,"column":19},"end":{"line":12,"column":39}},"9":{"start":{"line":13,"column":17},"end":{"line":13,"column":35}},"10":{"start":{"line":15,"column":2},"end":{"line":16,"column":87}},"11":{"start":{"line":16,"column":4},"end":{"line":16,"column":87}},"12":{"start":{"line":18,"column":2},"end":{"line":29,"column":3}},"13":{"start":{"line":19,"column":4},"end":{"line":22,"column":17}},"14":{"start":{"line":24,"column":4},"end":{"line":24,"column":76}},"15":{"start":{"line":27,"column":4},"end":{"line":27,"column":40}},"16":{"start":{"line":28,"column":4},"end":{"line":28,"column":75}},"17":{"start":{"line":32,"column":0},"end":{"line":32,"column":24}}},"fnMap":{"0":{"name":"(anonymous_0)","decl":{"start":{"line":5,"column":23},"end":{"line":5,"column":24}},"loc":{"start":{"line":5,"column":43},"end":{"line":30,"column":1}},"line":5}},"branchMap":{"0":{"loc":{"start":{"line":8,"column":2},"end":{"line":9,"column":80}},"type":"if","locations":[{"start":{"line":8,"column":2},"end":{"line":9,"column":80}},{"start":{},"end":{}}],"line":8},"1":{"loc":{"start":{"line":8,"column":6},"end":{"line":8,"column":35}},"type":"binary-expr","locations":[{"start":{"line":8,"column":6},"end":{"line":8,"column":15}},{"start":{"line":8,"column":19},"end":{"line":8,"column":28}},{"start":{"line":8,"column":32},"end":{"line":8,"column":35}}],"line":8},"2":{"loc":{"start":{"line":15,"column":2},"end":{"line":16,"column":87}},"type":"if","locations":[{"start":{"line":15,"column":2},"end":{"line":16,"column":87}},{"start":{},"end":{}}],"line":15},"3":{"loc":{"start":{"line":15,"column":6},"end":{"line":15,"column":69}},"type":"binary-expr","locations":[{"start":{"line":15,"column":6},"end":{"line":15,"column":27}},{"start":{"line":15,"column":31},"end":{"line":15,"column":52}},{"start":{"line":15,"column":56},"end":{"line":15,"column":69}}],"line":15}},"s":{"0":1,"1":1,"2":1,"3":1,"4":7,"5":7,"6":1,"7":6,"8":6,"9":6,"10":6,"11":3,"12":3,"13":3,"14":2,"15":1,"16":1,"17":1},"f":{"0":7},"b":{"0":[1,6],"1":[7,7,7],"2":[3,3],"3":[6,5,4]},"_coverageSchema":"1a1c01bbd47fc00a2c39e90264f33305004495a9","hash":"1d347c46cea5bcd42c9f7af94afe5feec1ffc0d0"}
,"/home/projeto/Portifolio-de-Projeto/DarkAccess/Back-End/routes/docker.js": {"path":"/home/projeto/Portifolio-de-Projeto/DarkAccess/Back-End/routes/docker.js","statementMap":{"0":{"start":{"line":1,"column":16},"end":{"line":1,"column":34}},"1":{"start":{"line":2,"column":15},"end":{"line":2,"column":31}},"2":{"start":{"line":3,"column":18},"end":{"line":3,"column":42}},"3":{"start":{"line":4,"column":11},"end":{"line":4,"column":27}},"4":{"start":{"line":8,"column":25},"end":{"line":8,"column":34}},"5":{"start":{"line":11,"column":24},"end":{"line":11,"column":61}},"6":{"start":{"line":12,"column":15},"end":{"line":12,"column":48}},"7":{"start":{"line":13,"column":24},"end":{"line":13,"column":80}},"8":{"start":{"line":16,"column":20},"end":{"line":16,"column":54}},"9":{"start":{"line":19,"column":20},"end":{"line":34,"column":1}},"10":{"start":{"line":40,"column":2},"end":{"line":76,"column":3}},"11":{"start":{"line":42,"column":19},"end":{"line":45,"column":5}},"12":{"start":{"line":47,"column":20},"end":{"line":47,"column":28}},"13":{"start":{"line":49,"column":4},"end":{"line":55,"column":5}},"14":{"start":{"line":51,"column":6},"end":{"line":51,"column":47}},"15":{"start":{"line":52,"column":6},"end":{"line":52,"column":95}},"16":{"start":{"line":54,"column":6},"end":{"line":54,"column":76}},"17":{"start":{"line":58,"column":24},"end":{"line":58,"column":27}},"18":{"start":{"line":59,"column":4},"end":{"line":69,"column":5}},"19":{"start":{"line":59,"column":17},"end":{"line":59,"column":18}},"20":{"start":{"line":60,"column":19},"end":{"line":60,"column":32}},"21":{"start":{"line":61,"column":26},"end":{"line":61,"column":56}},"22":{"start":{"line":63,"column":6},"end":{"line":68,"column":7}},"23":{"start":{"line":64,"column":8},"end":{"line":64,"column":50}},"24":{"start":{"line":65,"column":8},"end":{"line":65,"column":20}},"25":{"start":{"line":67,"column":8},"end":{"line":67,"column":67}},"26":{"start":{"line":71,"column":4},"end":{"line":71,"column":68}},"27":{"start":{"line":73,"column":4},"end":{"line":73,"column":59}},"28":{"start":{"line":75,"column":4},"end":{"line":75,"column":20}},"29":{"start":{"line":83,"column":2},"end":{"line":99,"column":5}},"30":{"start":{"line":84,"column":16},"end":{"line":87,"column":6}},"31":{"start":{"line":89,"column":17},"end":{"line":89,"column":19}},"32":{"start":{"line":90,"column":4},"end":{"line":92,"column":7}},"33":{"start":{"line":91,"column":6},"end":{"line":91,"column":32}},"34":{"start":{"line":94,"column":4},"end":{"line":96,"column":7}},"35":{"start":{"line":95,"column":6},"end":{"line":95,"column":40}},"36":{"start":{"line":98,"column":4},"end":{"line":98,"column":41}},"37":{"start":{"line":98,"column":26},"end":{"line":98,"column":39}},"38":{"start":{"line":106,"column":2},"end":{"line":177,"column":5}},"39":{"start":{"line":107,"column":26},"end":{"line":107,"column":70}},"40":{"start":{"line":109,"column":4},"end":{"line":109,"column":57}},"41":{"start":{"line":111,"column":17},"end":{"line":116,"column":5}},"42":{"start":{"line":119,"column":4},"end":{"line":140,"column":5}},"43":{"start":{"line":120,"column":6},"end":{"line":120,"column":54}},"44":{"start":{"line":123,"column":6},"end":{"line":123,"column":46}},"45":{"start":{"line":126,"column":25},"end":{"line":126,"column":55}},"46":{"start":{"line":127,"column":6},"end":{"line":135,"column":8}},"47":{"start":{"line":138,"column":6},"end":{"line":138,"column":59}},"48":{"start":{"line":139,"column":6},"end":{"line":139,"column":55}},"49":{"start":{"line":142,"column":4},"end":{"line":142,"column":28}},"50":{"start":{"line":144,"column":19},"end":{"line":144,"column":40}},"51":{"start":{"line":146,"column":22},"end":{"line":146,"column":24}},"52":{"start":{"line":147,"column":22},"end":{"line":147,"column":24}},"53":{"start":{"line":149,"column":4},"end":{"line":151,"column":7}},"54":{"start":{"line":150,"column":6},"end":{"line":150,"column":44}},"55":{"start":{"line":153,"column":4},"end":{"line":157,"column":7}},"56":{"start":{"line":154,"column":23},"end":{"line":154,"column":38}},"57":{"start":{"line":155,"column":6},"end":{"line":155,"column":30}},"58":{"start":{"line":156,"column":6},"end":{"line":156,"column":48}},"59":{"start":{"line":159,"column":4},"end":{"line":172,"column":7}},"60":{"start":{"line":160,"column":6},"end":{"line":171,"column":7}},"61":{"start":{"line":161,"column":8},"end":{"line":161,"column":75}},"62":{"start":{"line":162,"column":8},"end":{"line":162,"column":54}},"63":{"start":{"line":165,"column":8},"end":{"line":170,"column":9}},"64":{"start":{"line":167,"column":10},"end":{"line":167,"column":51}},"65":{"start":{"line":169,"column":10},"end":{"line":169,"column":94}},"66":{"start":{"line":174,"column":4},"end":{"line":176,"column":7}},"67":{"start":{"line":175,"column":6},"end":{"line":175,"column":18}},"68":{"start":{"line":184,"column":2},"end":{"line":198,"column":5}},"69":{"start":{"line":185,"column":4},"end":{"line":185,"column":57}},"70":{"start":{"line":187,"column":19},"end":{"line":187,"column":59}},"71":{"start":{"line":189,"column":4},"end":{"line":192,"column":7}},"72":{"start":{"line":190,"column":6},"end":{"line":190,"column":57}},"73":{"start":{"line":191,"column":6},"end":{"line":191,"column":16}},"74":{"start":{"line":194,"column":4},"end":{"line":197,"column":7}},"75":{"start":{"line":195,"column":6},"end":{"line":195,"column":53}},"76":{"start":{"line":196,"column":6},"end":{"line":196,"column":16}},"77":{"start":{"line":205,"column":0},"end":{"line":368,"column":3}},"78":{"start":{"line":206,"column":33},"end":{"line":206,"column":41}},"79":{"start":{"line":208,"column":2},"end":{"line":213,"column":3}},"80":{"start":{"line":209,"column":4},"end":{"line":212,"column":7}},"81":{"start":{"line":215,"column":17},"end":{"line":215,"column":36}},"82":{"start":{"line":216,"column":2},"end":{"line":221,"column":3}},"83":{"start":{"line":217,"column":4},"end":{"line":220,"column":7}},"84":{"start":{"line":223,"column":2},"end":{"line":367,"column":3}},"85":{"start":{"line":225,"column":24},"end":{"line":225,"column":49}},"86":{"start":{"line":228,"column":20},"end":{"line":232,"column":5}},"87":{"start":{"line":234,"column":4},"end":{"line":261,"column":5}},"88":{"start":{"line":235,"column":26},"end":{"line":235,"column":41}},"89":{"start":{"line":236,"column":24},"end":{"line":236,"column":79}},"90":{"start":{"line":238,"column":6},"end":{"line":260,"column":7}},"91":{"start":{"line":240,"column":20},"end":{"line":242,"column":51}},"92":{"start":{"line":244,"column":8},"end":{"line":244,"column":86}},"93":{"start":{"line":246,"column":8},"end":{"line":251,"column":11}},"94":{"start":{"line":254,"column":8},"end":{"line":254,"column":81}},"95":{"start":{"line":255,"column":8},"end":{"line":258,"column":10}},"96":{"start":{"line":259,"column":8},"end":{"line":259,"column":45}},"97":{"start":{"line":264,"column":4},"end":{"line":271,"column":5}},"98":{"start":{"line":265,"column":23},"end":{"line":265,"column":56}},"99":{"start":{"line":266,"column":24},"end":{"line":266,"column":75}},"100":{"start":{"line":268,"column":6},"end":{"line":270,"column":7}},"101":{"start":{"line":269,"column":8},"end":{"line":269,"column":45}},"102":{"start":{"line":274,"column":15},"end":{"line":274,"column":19}},"103":{"start":{"line":275,"column":14},"end":{"line":275,"column":16}},"104":{"start":{"line":278,"column":4},"end":{"line":325,"column":5}},"105":{"start":{"line":280,"column":6},"end":{"line":280,"column":65}},"106":{"start":{"line":283,"column":21},"end":{"line":283,"column":76}},"107":{"start":{"line":284,"column":6},"end":{"line":284,"column":39}},"108":{"start":{"line":285,"column":6},"end":{"line":285,"column":43}},"109":{"start":{"line":289,"column":25},"end":{"line":289,"column":27}},"110":{"start":{"line":290,"column":22},"end":{"line":290,"column":26}},"111":{"start":{"line":292,"column":6},"end":{"line":319,"column":7}},"112":{"start":{"line":292,"column":25},"end":{"line":292,"column":26}},"113":{"start":{"line":293,"column":8},"end":{"line":318,"column":9}},"114":{"start":{"line":294,"column":10},"end":{"line":294,"column":68}},"115":{"start":{"line":295,"column":10},"end":{"line":295,"column":77}},"116":{"start":{"line":297,"column":25},"end":{"line":297,"column":80}},"117":{"start":{"line":298,"column":10},"end":{"line":298,"column":43}},"118":{"start":{"line":299,"column":10},"end":{"line":299,"column":47}},"119":{"start":{"line":302,"column":10},"end":{"line":302,"column":43}},"120":{"start":{"line":303,"column":10},"end":{"line":303,"column":73}},"121":{"start":{"line":304,"column":10},"end":{"line":304,"column":16}},"122":{"start":{"line":307,"column":10},"end":{"line":307,"column":26}},"123":{"start":{"line":310,"column":10},"end":{"line":317,"column":11}},"124":{"start":{"line":311,"column":29},"end":{"line":311,"column":54}},"125":{"start":{"line":312,"column":12},"end":{"line":312,"column":77}},"126":{"start":{"line":313,"column":12},"end":{"line":313,"column":21}},"127":{"start":{"line":316,"column":12},"end":{"line":316,"column":22}},"128":{"start":{"line":322,"column":6},"end":{"line":324,"column":7}},"129":{"start":{"line":323,"column":8},"end":{"line":323,"column":123}},"130":{"start":{"line":328,"column":26},"end":{"line":336,"column":5}},"131":{"start":{"line":338,"column":4},"end":{"line":338,"column":53}},"132":{"start":{"line":341,"column":4},"end":{"line":351,"column":6}},"133":{"start":{"line":353,"column":4},"end":{"line":359,"column":7}},"134":{"start":{"line":362,"column":4},"end":{"line":362,"column":47}},"135":{"start":{"line":363,"column":4},"end":{"line":366,"column":7}},"136":{"start":{"line":374,"column":0},"end":{"line":419,"column":3}},"137":{"start":{"line":375,"column":33},"end":{"line":375,"column":41}},"138":{"start":{"line":377,"column":2},"end":{"line":382,"column":3}},"139":{"start":{"line":378,"column":4},"end":{"line":381,"column":7}},"140":{"start":{"line":384,"column":2},"end":{"line":418,"column":3}},"141":{"start":{"line":385,"column":25},"end":{"line":385,"column":50}},"142":{"start":{"line":386,"column":26},"end":{"line":386,"column":60}},"143":{"start":{"line":388,"column":4},"end":{"line":393,"column":5}},"144":{"start":{"line":389,"column":6},"end":{"line":392,"column":9}},"145":{"start":{"line":396,"column":4},"end":{"line":396,"column":53}},"146":{"start":{"line":399,"column":4},"end":{"line":399,"column":42}},"147":{"start":{"line":402,"column":4},"end":{"line":405,"column":6}},"148":{"start":{"line":407,"column":4},"end":{"line":410,"column":7}},"149":{"start":{"line":413,"column":4},"end":{"line":413,"column":45}},"150":{"start":{"line":414,"column":4},"end":{"line":417,"column":7}},"151":{"start":{"line":425,"column":0},"end":{"line":448,"column":3}},"152":{"start":{"line":426,"column":25},"end":{"line":426,"column":35}},"153":{"start":{"line":428,"column":2},"end":{"line":447,"column":3}},"154":{"start":{"line":429,"column":19},"end":{"line":434,"column":5}},"155":{"start":{"line":436,"column":4},"end":{"line":439,"column":7}},"156":{"start":{"line":442,"column":4},"end":{"line":442,"column":47}},"157":{"start":{"line":443,"column":4},"end":{"line":446,"column":7}},"158":{"start":{"line":454,"column":2},"end":{"line":467,"column":5}},"159":{"start":{"line":455,"column":19},"end":{"line":455,"column":79}},"160":{"start":{"line":457,"column":17},"end":{"line":457,"column":19}},"161":{"start":{"line":458,"column":4},"end":{"line":460,"column":7}},"162":{"start":{"line":459,"column":6},"end":{"line":459,"column":32}},"163":{"start":{"line":462,"column":4},"end":{"line":464,"column":7}},"164":{"start":{"line":463,"column":6},"end":{"line":463,"column":40}},"165":{"start":{"line":466,"column":4},"end":{"line":466,"column":45}},"166":{"start":{"line":466,"column":29},"end":{"line":466,"column":43}},"167":{"start":{"line":474,"column":18},"end":{"line":474,"column":32}},"168":{"start":{"line":475,"column":14},"end":{"line":475,"column":24}},"169":{"start":{"line":477,"column":2},"end":{"line":477,"column":52}},"170":{"start":{"line":479,"column":2},"end":{"line":497,"column":3}},"171":{"start":{"line":480,"column":21},"end":{"line":480,"column":52}},"172":{"start":{"line":482,"column":4},"end":{"line":496,"column":5}},"173":{"start":{"line":483,"column":6},"end":{"line":483,"column":80}},"174":{"start":{"line":485,"column":6},"end":{"line":495,"column":7}},"175":{"start":{"line":486,"column":8},"end":{"line":486,"column":48}},"176":{"start":{"line":487,"column":8},"end":{"line":487,"column":37}},"177":{"start":{"line":489,"column":8},"end":{"line":492,"column":10}},"178":{"start":{"line":494,"column":8},"end":{"line":494,"column":68}},"179":{"start":{"line":501,"column":0},"end":{"line":501,"column":54}},"180":{"start":{"line":503,"column":0},"end":{"line":503,"column":24}}},"fnMap":{"0":{"name":"findAvailablePort","decl":{"start":{"line":39,"column":15},"end":{"line":39,"column":32}},"loc":{"start":{"line":39,"column":43},"end":{"line":77,"column":1}},"line":39},"1":{"name":"checkPortAvailable","decl":{"start":{"line":82,"column":9},"end":{"line":82,"column":27}},"loc":{"start":{"line":82,"column":34},"end":{"line":100,"column":1}},"line":82},"2":{"name":"(anonymous_2)","decl":{"start":{"line":83,"column":21},"end":{"line":83,"column":22}},"loc":{"start":{"line":83,"column":34},"end":{"line":99,"column":3}},"line":83},"3":{"name":"(anonymous_3)","decl":{"start":{"line":90,"column":26},"end":{"line":90,"column":27}},"loc":{"start":{"line":90,"column":36},"end":{"line":92,"column":5}},"line":90},"4":{"name":"(anonymous_4)","decl":{"start":{"line":94,"column":20},"end":{"line":94,"column":21}},"loc":{"start":{"line":94,"column":26},"end":{"line":96,"column":5}},"line":94},"5":{"name":"(anonymous_5)","decl":{"start":{"line":98,"column":20},"end":{"line":98,"column":21}},"loc":{"start":{"line":98,"column":26},"end":{"line":98,"column":39}},"line":98},"6":{"name":"createContainer","decl":{"start":{"line":105,"column":9},"end":{"line":105,"column":24}},"loc":{"start":{"line":105,"column":54},"end":{"line":178,"column":1}},"line":105},"7":{"name":"(anonymous_7)","decl":{"start":{"line":106,"column":21},"end":{"line":106,"column":22}},"loc":{"start":{"line":106,"column":42},"end":{"line":177,"column":3}},"line":106},"8":{"name":"(anonymous_8)","decl":{"start":{"line":149,"column":29},"end":{"line":149,"column":30}},"loc":{"start":{"line":149,"column":39},"end":{"line":151,"column":5}},"line":149},"9":{"name":"(anonymous_9)","decl":{"start":{"line":153,"column":29},"end":{"line":153,"column":30}},"loc":{"start":{"line":153,"column":39},"end":{"line":157,"column":5}},"line":153},"10":{"name":"(anonymous_10)","decl":{"start":{"line":159,"column":23},"end":{"line":159,"column":24}},"loc":{"start":{"line":159,"column":33},"end":{"line":172,"column":5}},"line":159},"11":{"name":"(anonymous_11)","decl":{"start":{"line":174,"column":23},"end":{"line":174,"column":24}},"loc":{"start":{"line":174,"column":32},"end":{"line":176,"column":5}},"line":174},"12":{"name":"stopContainer","decl":{"start":{"line":183,"column":9},"end":{"line":183,"column":22}},"loc":{"start":{"line":183,"column":38},"end":{"line":199,"column":1}},"line":183},"13":{"name":"(anonymous_13)","decl":{"start":{"line":184,"column":21},"end":{"line":184,"column":22}},"loc":{"start":{"line":184,"column":34},"end":{"line":198,"column":3}},"line":184},"14":{"name":"(anonymous_14)","decl":{"start":{"line":189,"column":23},"end":{"line":189,"column":24}},"loc":{"start":{"line":189,"column":29},"end":{"line":192,"column":5}},"line":189},"15":{"name":"(anonymous_15)","decl":{"start":{"line":194,"column":23},"end":{"line":194,"column":24}},"loc":{"start":{"line":194,"column":32},"end":{"line":197,"column":5}},"line":194},"16":{"name":"(anonymous_16)","decl":{"start":{"line":205,"column":26},"end":{"line":205,"column":27}},"loc":{"start":{"line":205,"column":46},"end":{"line":368,"column":1}},"line":205},"17":{"name":"(anonymous_17)","decl":{"start":{"line":374,"column":25},"end":{"line":374,"column":26}},"loc":{"start":{"line":374,"column":45},"end":{"line":419,"column":1}},"line":374},"18":{"name":"(anonymous_18)","decl":{"start":{"line":425,"column":39},"end":{"line":425,"column":40}},"loc":{"start":{"line":425,"column":59},"end":{"line":448,"column":1}},"line":425},"19":{"name":"checkContainerRunning","decl":{"start":{"line":453,"column":9},"end":{"line":453,"column":30}},"loc":{"start":{"line":453,"column":46},"end":{"line":468,"column":1}},"line":453},"20":{"name":"(anonymous_20)","decl":{"start":{"line":454,"column":21},"end":{"line":454,"column":22}},"loc":{"start":{"line":454,"column":34},"end":{"line":467,"column":3}},"line":454},"21":{"name":"(anonymous_21)","decl":{"start":{"line":458,"column":29},"end":{"line":458,"column":30}},"loc":{"start":{"line":458,"column":39},"end":{"line":460,"column":5}},"line":458},"22":{"name":"(anonymous_22)","decl":{"start":{"line":462,"column":23},"end":{"line":462,"column":24}},"loc":{"start":{"line":462,"column":29},"end":{"line":464,"column":5}},"line":462},"23":{"name":"(anonymous_23)","decl":{"start":{"line":466,"column":23},"end":{"line":466,"column":24}},"loc":{"start":{"line":466,"column":29},"end":{"line":466,"column":43}},"line":466},"24":{"name":"cleanupInactiveContainers","decl":{"start":{"line":473,"column":15},"end":{"line":473,"column":40}},"loc":{"start":{"line":473,"column":43},"end":{"line":498,"column":1}},"line":473}},"branchMap":{"0":{"loc":{"start":{"line":12,"column":15},"end":{"line":12,"column":48}},"type":"binary-expr","locations":[{"start":{"line":12,"column":15},"end":{"line":12,"column":33}},{"start":{"line":12,"column":37},"end":{"line":12,"column":48}}],"line":12},"1":{"loc":{"start":{"line":13,"column":24},"end":{"line":13,"column":80}},"type":"binary-expr","locations":[{"start":{"line":13,"column":24},"end":{"line":13,"column":51}},{"start":{"line":13,"column":55},"end":{"line":13,"column":80}}],"line":13},"2":{"loc":{"start":{"line":49,"column":4},"end":{"line":55,"column":5}},"type":"if","locations":[{"start":{"line":49,"column":4},"end":{"line":55,"column":5}},{"start":{"line":53,"column":11},"end":{"line":55,"column":5}}],"line":49},"3":{"loc":{"start":{"line":63,"column":6},"end":{"line":68,"column":7}},"type":"if","locations":[{"start":{"line":63,"column":6},"end":{"line":68,"column":7}},{"start":{"line":66,"column":13},"end":{"line":68,"column":7}}],"line":63},"4":{"loc":{"start":{"line":119,"column":4},"end":{"line":140,"column":5}},"type":"if","locations":[{"start":{"line":119,"column":4},"end":{"line":140,"column":5}},{"start":{"line":136,"column":11},"end":{"line":140,"column":5}}],"line":119},"5":{"loc":{"start":{"line":160,"column":6},"end":{"line":171,"column":7}},"type":"if","locations":[{"start":{"line":160,"column":6},"end":{"line":171,"column":7}},{"start":{"line":163,"column":13},"end":{"line":171,"column":7}}],"line":160},"6":{"loc":{"start":{"line":160,"column":10},"end":{"line":160,"column":35}},"type":"binary-expr","locations":[{"start":{"line":160,"column":10},"end":{"line":160,"column":20}},{"start":{"line":160,"column":24},"end":{"line":160,"column":35}}],"line":160},"7":{"loc":{"start":{"line":165,"column":8},"end":{"line":170,"column":9}},"type":"if","locations":[{"start":{"line":165,"column":8},"end":{"line":170,"column":9}},{"start":{"line":168,"column":15},"end":{"line":170,"column":9}}],"line":165},"8":{"loc":{"start":{"line":165,"column":12},"end":{"line":166,"column":58}},"type":"binary-expr","locations":[{"start":{"line":165,"column":12},"end":{"line":165,"column":61}},{"start":{"line":166,"column":12},"end":{"line":166,"column":58}}],"line":165},"9":{"loc":{"start":{"line":208,"column":2},"end":{"line":213,"column":3}},"type":"if","locations":[{"start":{"line":208,"column":2},"end":{"line":213,"column":3}},{"start":{},"end":{}}],"line":208},"10":{"loc":{"start":{"line":208,"column":6},"end":{"line":208,"column":28}},"type":"binary-expr","locations":[{"start":{"line":208,"column":6},"end":{"line":208,"column":17}},{"start":{"line":208,"column":21},"end":{"line":208,"column":28}}],"line":208},"11":{"loc":{"start":{"line":216,"column":2},"end":{"line":221,"column":3}},"type":"if","locations":[{"start":{"line":216,"column":2},"end":{"line":221,"column":3}},{"start":{},"end":{}}],"line":216},"12":{"loc":{"start":{"line":234,"column":4},"end":{"line":261,"column":5}},"type":"if","locations":[{"start":{"line":234,"column":4},"end":{"line":261,"column":5}},{"start":{},"end":{}}],"line":234},"13":{"loc":{"start":{"line":238,"column":6},"end":{"line":260,"column":7}},"type":"if","locations":[{"start":{"line":238,"column":6},"end":{"line":260,"column":7}},{"start":{"line":252,"column":13},"end":{"line":260,"column":7}}],"line":238},"14":{"loc":{"start":{"line":240,"column":20},"end":{"line":242,"column":51}},"type":"cond-expr","locations":[{"start":{"line":241,"column":12},"end":{"line":241,"column":64}},{"start":{"line":242,"column":12},"end":{"line":242,"column":51}}],"line":240},"15":{"loc":{"start":{"line":264,"column":4},"end":{"line":271,"column":5}},"type":"if","locations":[{"start":{"line":264,"column":4},"end":{"line":271,"column":5}},{"start":{},"end":{}}],"line":264},"16":{"loc":{"start":{"line":268,"column":6},"end":{"line":270,"column":7}},"type":"if","locations":[{"start":{"line":268,"column":6},"end":{"line":270,"column":7}},{"start":{},"end":{}}],"line":268},"17":{"loc":{"start":{"line":278,"column":4},"end":{"line":325,"column":5}},"type":"if","locations":[{"start":{"line":278,"column":4},"end":{"line":325,"column":5}},{"start":{"line":286,"column":11},"end":{"line":325,"column":5}}],"line":278},"18":{"loc":{"start":{"line":310,"column":10},"end":{"line":317,"column":11}},"type":"if","locations":[{"start":{"line":310,"column":10},"end":{"line":317,"column":11}},{"start":{"line":314,"column":17},"end":{"line":317,"column":11}}],"line":310},"19":{"loc":{"start":{"line":322,"column":6},"end":{"line":324,"column":7}},"type":"if","locations":[{"start":{"line":322,"column":6},"end":{"line":324,"column":7}},{"start":{},"end":{}}],"line":322},"20":{"loc":{"start":{"line":350,"column":72},"end":{"line":350,"column":81}},"type":"binary-expr","locations":[{"start":{"line":350,"column":72},"end":{"line":350,"column":76}},{"start":{"line":350,"column":80},"end":{"line":350,"column":81}}],"line":350},"21":{"loc":{"start":{"line":377,"column":2},"end":{"line":382,"column":3}},"type":"if","locations":[{"start":{"line":377,"column":2},"end":{"line":382,"column":3}},{"start":{},"end":{}}],"line":377},"22":{"loc":{"start":{"line":377,"column":6},"end":{"line":377,"column":28}},"type":"binary-expr","locations":[{"start":{"line":377,"column":6},"end":{"line":377,"column":17}},{"start":{"line":377,"column":21},"end":{"line":377,"column":28}}],"line":377},"23":{"loc":{"start":{"line":388,"column":4},"end":{"line":393,"column":5}},"type":"if","locations":[{"start":{"line":388,"column":4},"end":{"line":393,"column":5}},{"start":{},"end":{}}],"line":388},"24":{"loc":{"start":{"line":482,"column":4},"end":{"line":496,"column":5}},"type":"if","locations":[{"start":{"line":482,"column":4},"end":{"line":496,"column":5}},{"start":{},"end":{}}],"line":482}},"s":{"0":1,"1":1,"2":1,"3":1,"4":1,"5":1,"6":1,"7":1,"8":1,"9":1,"10":4,"11":4,"12":0,"13":0,"14":0,"15":0,"16":0,"17":0,"18":0,"19":0,"20":0,"21":0,"22":0,"23":0,"24":0,"25":0,"26":0,"27":4,"28":4,"29":0,"30":0,"31":0,"32":0,"33":0,"34":0,"35":0,"36":0,"37":0,"38":4,"39":4,"40":4,"41":4,"42":4,"43":0,"44":0,"45":0,"46":0,"47":4,"48":4,"49":4,"50":4,"51":4,"52":4,"53":4,"54":2,"55":2,"56":0,"57":0,"58":0,"59":2,"60":2,"61":0,"62":0,"63":2,"64":0,"65":2,"66":2,"67":0,"68":0,"69":0,"70":0,"71":0,"72":0,"73":0,"74":0,"75":0,"76":0,"77":1,"78":8,"79":8,"80":3,"81":5,"82":5,"83":1,"84":4,"85":4,"86":4,"87":4,"88":1,"89":1,"90":1,"91":0,"92":0,"93":0,"94":1,"95":1,"96":1,"97":4,"98":0,"99":0,"100":0,"101":0,"102":4,"103":4,"104":4,"105":0,"106":0,"107":0,"108":0,"109":4,"110":4,"111":4,"112":4,"113":4,"114":4,"115":4,"116":4,"117":0,"118":0,"119":0,"120":0,"121":0,"122":4,"123":4,"124":0,"125":0,"126":0,"127":4,"128":0,"129":0,"130":0,"131":0,"132":0,"133":0,"134":4,"135":4,"136":1,"137":7,"138":7,"139":3,"140":4,"141":4,"142":4,"143":4,"144":4,"145":0,"146":0,"147":0,"148":0,"149":0,"150":0,"151":1,"152":5,"153":5,"154":5,"155":4,"156":1,"157":1,"158":1,"159":1,"160":1,"161":1,"162":1,"163":1,"164":1,"165":1,"166":0,"167":0,"168":0,"169":0,"170":0,"171":0,"172":0,"173":0,"174":0,"175":0,"176":0,"177":0,"178":0,"179":1,"180":1},"f":{"0":4,"1":0,"2":0,"3":0,"4":0,"5":0,"6":4,"7":4,"8":2,"9":0,"10":2,"11":0,"12":0,"13":0,"14":0,"15":0,"16":8,"17":7,"18":5,"19":1,"20":1,"21":1,"22":1,"23":0,"24":0},"b":{"0":[1,0],"1":[1,0],"2":[0,0],"3":[0,0],"4":[0,4],"5":[0,2],"6":[2,2],"7":[0,2],"8":[2,2],"9":[3,5],"10":[8,6],"11":[1,4],"12":[1,3],"13":[0,1],"14":[0,0],"15":[0,4],"16":[0,0],"17":[0,4],"18":[0,4],"19":[0,0],"20":[0,0],"21":[3,4],"22":[7,5],"23":[4,0],"24":[0,0]},"_coverageSchema":"1a1c01bbd47fc00a2c39e90264f33305004495a9","hash":"2fe3c99f5a00025ed4cebce0b4c02fad3e8e841f"}
,"/home/projeto/Portifolio-de-Projeto/DarkAccess/Back-End/routes/labs.js": {"path":"/home/projeto/Portifolio-de-Projeto/DarkAccess/Back-End/routes/labs.js","statementMap":{"0":{"start":{"line":1,"column":16},"end":{"line":1,"column":34}},"1":{"start":{"line":2,"column":15},"end":{"line":2,"column":31}},"2":{"start":{"line":4,"column":0},"end":{"line":21,"column":3}},"3":{"start":{"line":5,"column":26},"end":{"line":5,"column":34}},"4":{"start":{"line":6,"column":23},"end":{"line":6,"column":62}},"5":{"start":{"line":8,"column":15},"end":{"line":11,"column":3}},"6":{"start":{"line":13,"column":2},"end":{"line":14,"column":84}},"7":{"start":{"line":14,"column":4},"end":{"line":14,"column":84}},"8":{"start":{"line":16,"column":2},"end":{"line":20,"column":5}},"9":{"start":{"line":23,"column":0},"end":{"line":25,"column":3}},"10":{"start":{"line":24,"column":2},"end":{"line":24,"column":62}},"11":{"start":{"line":27,"column":0},"end":{"line":27,"column":24}}},"fnMap":{"0":{"name":"(anonymous_0)","decl":{"start":{"line":4,"column":22},"end":{"line":4,"column":23}},"loc":{"start":{"line":4,"column":36},"end":{"line":21,"column":1}},"line":4},"1":{"name":"(anonymous_1)","decl":{"start":{"line":23,"column":21},"end":{"line":23,"column":22}},"loc":{"start":{"line":23,"column":35},"end":{"line":25,"column":1}},"line":23}},"branchMap":{"0":{"loc":{"start":{"line":6,"column":23},"end":{"line":6,"column":62}},"type":"binary-expr","locations":[{"start":{"line":6,"column":23},"end":{"line":6,"column":47}},{"start":{"line":6,"column":51},"end":{"line":6,"column":62}}],"line":6},"1":{"loc":{"start":{"line":13,"column":2},"end":{"line":14,"column":84}},"type":"if","locations":[{"start":{"line":13,"column":2},"end":{"line":14,"column":84}},{"start":{},"end":{}}],"line":13}},"s":{"0":1,"1":1,"2":1,"3":7,"4":7,"5":7,"6":7,"7":3,"8":4,"9":1,"10":2,"11":1},"f":{"0":7,"1":2},"b":{"0":[7,1],"1":[3,4]},"_coverageSchema":"1a1c01bbd47fc00a2c39e90264f33305004495a9","hash":"d63ae8a5f7758b492de27f5bd25f3b2becd413c1"}
,"/home/projeto/Portifolio-de-Projeto/DarkAccess/Back-End/routes/narrador.js": {"path":"/home/projeto/Portifolio-de-Projeto/DarkAccess/Back-End/routes/narrador.js","statementMap":{"0":{"start":{"line":1,"column":16},"end":{"line":1,"column":34}},"1":{"start":{"line":2,"column":15},"end":{"line":2,"column":31}},"2":{"start":{"line":3,"column":11},"end":{"line":3,"column":27}},"3":{"start":{"line":10,"column":0},"end":{"line":78,"column":3}},"4":{"start":{"line":11,"column":20},"end":{"line":11,"column":30}},"5":{"start":{"line":12,"column":17},"end":{"line":12,"column":33}},"6":{"start":{"line":13,"column":20},"end":{"line":13,"column":34}},"7":{"start":{"line":15,"column":2},"end":{"line":77,"column":3}},"8":{"start":{"line":18,"column":24},"end":{"line":18,"column":29}},"9":{"start":{"line":21,"column":16},"end":{"line":25,"column":5}},"10":{"start":{"line":27,"column":19},"end":{"line":27,"column":32}},"11":{"start":{"line":30,"column":4},"end":{"line":33,"column":5}},"12":{"start":{"line":31,"column":6},"end":{"line":31,"column":70}},"13":{"start":{"line":32,"column":6},"end":{"line":32,"column":29}},"14":{"start":{"line":35,"column":4},"end":{"line":35,"column":31}},"15":{"start":{"line":37,"column":14},"end":{"line":37,"column":43}},"16":{"start":{"line":39,"column":4},"end":{"line":53,"column":5}},"17":{"start":{"line":40,"column":6},"end":{"line":47,"column":7}},"18":{"start":{"line":41,"column":8},"end":{"line":41,"column":101}},"19":{"start":{"line":42,"column":8},"end":{"line":46,"column":11}},"20":{"start":{"line":49,"column":6},"end":{"line":52,"column":9}},"21":{"start":{"line":56,"column":17},"end":{"line":60,"column":13}},"22":{"start":{"line":57,"column":16},"end":{"line":57,"column":22}},"23":{"start":{"line":58,"column":19},"end":{"line":58,"column":82}},"24":{"start":{"line":62,"column":26},"end":{"line":62,"column":50}},"25":{"start":{"line":63,"column":4},"end":{"line":63,"column":125}},"26":{"start":{"line":65,"column":4},"end":{"line":72,"column":7}},"27":{"start":{"line":75,"column":4},"end":{"line":75,"column":45}},"28":{"start":{"line":76,"column":4},"end":{"line":76,"column":75}},"29":{"start":{"line":83,"column":0},"end":{"line":187,"column":3}},"30":{"start":{"line":84,"column":42},"end":{"line":84,"column":50}},"31":{"start":{"line":86,"column":2},"end":{"line":87,"column":85}},"32":{"start":{"line":87,"column":4},"end":{"line":87,"column":85}},"33":{"start":{"line":89,"column":2},"end":{"line":186,"column":3}},"34":{"start":{"line":90,"column":14},"end":{"line":95,"column":15}},"35":{"start":{"line":97,"column":4},"end":{"line":98,"column":88}},"36":{"start":{"line":98,"column":6},"end":{"line":98,"column":88}},"37":{"start":{"line":100,"column":17},"end":{"line":100,"column":26}},"38":{"start":{"line":103,"column":4},"end":{"line":163,"column":5}},"39":{"start":{"line":106,"column":33},"end":{"line":109,"column":7}},"40":{"start":{"line":111,"column":33},"end":{"line":114,"column":7}},"41":{"start":{"line":116,"column":30},"end":{"line":116,"column":80}},"42":{"start":{"line":117,"column":27},"end":{"line":117,"column":52}},"43":{"start":{"line":120,"column":6},"end":{"line":136,"column":7}},"44":{"start":{"line":121,"column":18},"end":{"line":123,"column":29}},"45":{"start":{"line":125,"column":8},"end":{"line":135,"column":9}},"46":{"start":{"line":126,"column":10},"end":{"line":130,"column":41}},"47":{"start":{"line":132,"column":10},"end":{"line":132,"column":86}},"48":{"start":{"line":134,"column":10},"end":{"line":134,"column":81}},"49":{"start":{"line":139,"column":6},"end":{"line":147,"column":7}},"50":{"start":{"line":140,"column":8},"end":{"line":144,"column":39}},"51":{"start":{"line":146,"column":8},"end":{"line":146,"column":87}},"52":{"start":{"line":150,"column":25},"end":{"line":152,"column":22}},"53":{"start":{"line":154,"column":26},"end":{"line":154,"column":58}},"54":{"start":{"line":156,"column":6},"end":{"line":162,"column":9}},"55":{"start":{"line":166,"column":23},"end":{"line":171,"column":20}},"56":{"start":{"line":173,"column":27},"end":{"line":173,"column":57}},"57":{"start":{"line":174,"column":4},"end":{"line":174,"column":114}},"58":{"start":{"line":176,"column":4},"end":{"line":181,"column":7}},"59":{"start":{"line":184,"column":4},"end":{"line":184,"column":46}},"60":{"start":{"line":185,"column":4},"end":{"line":185,"column":75}},"61":{"start":{"line":192,"column":0},"end":{"line":220,"column":3}},"62":{"start":{"line":193,"column":20},"end":{"line":193,"column":30}},"63":{"start":{"line":194,"column":25},"end":{"line":194,"column":34}},"64":{"start":{"line":196,"column":2},"end":{"line":219,"column":3}},"65":{"start":{"line":197,"column":14},"end":{"line":200,"column":15}},"66":{"start":{"line":202,"column":4},"end":{"line":203,"column":76}},"67":{"start":{"line":203,"column":6},"end":{"line":203,"column":76}},"68":{"start":{"line":206,"column":4},"end":{"line":212,"column":5}},"69":{"start":{"line":207,"column":6},"end":{"line":211,"column":23}},"70":{"start":{"line":214,"column":4},"end":{"line":214,"column":54}},"71":{"start":{"line":217,"column":4},"end":{"line":217,"column":41}},"72":{"start":{"line":218,"column":4},"end":{"line":218,"column":72}},"73":{"start":{"line":226,"column":0},"end":{"line":273,"column":3}},"74":{"start":{"line":227,"column":37},"end":{"line":227,"column":45}},"75":{"start":{"line":229,"column":2},"end":{"line":230,"column":85}},"76":{"start":{"line":230,"column":4},"end":{"line":230,"column":85}},"77":{"start":{"line":232,"column":2},"end":{"line":272,"column":3}},"78":{"start":{"line":234,"column":22},"end":{"line":236,"column":20}},"79":{"start":{"line":238,"column":26},"end":{"line":238,"column":56}},"80":{"start":{"line":239,"column":29},"end":{"line":239,"column":63}},"81":{"start":{"line":242,"column":4},"end":{"line":246,"column":33}},"82":{"start":{"line":249,"column":4},"end":{"line":265,"column":5}},"83":{"start":{"line":250,"column":29},"end":{"line":252,"column":8}},"84":{"start":{"line":254,"column":6},"end":{"line":264,"column":7}},"85":{"start":{"line":255,"column":8},"end":{"line":259,"column":52}},"86":{"start":{"line":261,"column":8},"end":{"line":261,"column":94}},"87":{"start":{"line":263,"column":8},"end":{"line":263,"column":79}},"88":{"start":{"line":267,"column":4},"end":{"line":267,"column":74}},"89":{"start":{"line":270,"column":4},"end":{"line":270,"column":51}},"90":{"start":{"line":271,"column":4},"end":{"line":271,"column":75}},"91":{"start":{"line":275,"column":0},"end":{"line":275,"column":24}}},"fnMap":{"0":{"name":"(anonymous_0)","decl":{"start":{"line":10,"column":27},"end":{"line":10,"column":28}},"loc":{"start":{"line":10,"column":47},"end":{"line":78,"column":1}},"line":10},"1":{"name":"(anonymous_1)","decl":{"start":{"line":57,"column":11},"end":{"line":57,"column":12}},"loc":{"start":{"line":57,"column":16},"end":{"line":57,"column":22}},"line":57},"2":{"name":"(anonymous_2)","decl":{"start":{"line":58,"column":14},"end":{"line":58,"column":15}},"loc":{"start":{"line":58,"column":19},"end":{"line":58,"column":82}},"line":58},"3":{"name":"(anonymous_3)","decl":{"start":{"line":83,"column":25},"end":{"line":83,"column":26}},"loc":{"start":{"line":83,"column":45},"end":{"line":187,"column":1}},"line":83},"4":{"name":"(anonymous_4)","decl":{"start":{"line":192,"column":27},"end":{"line":192,"column":28}},"loc":{"start":{"line":192,"column":47},"end":{"line":220,"column":1}},"line":192},"5":{"name":"(anonymous_5)","decl":{"start":{"line":226,"column":21},"end":{"line":226,"column":22}},"loc":{"start":{"line":226,"column":41},"end":{"line":273,"column":1}},"line":226}},"branchMap":{"0":{"loc":{"start":{"line":30,"column":4},"end":{"line":33,"column":5}},"type":"if","locations":[{"start":{"line":30,"column":4},"end":{"line":33,"column":5}},{"start":{},"end":{}}],"line":30},"1":{"loc":{"start":{"line":39,"column":4},"end":{"line":53,"column":5}},"type":"if","locations":[{"start":{"line":39,"column":4},"end":{"line":53,"column":5}},{"start":{},"end":{}}],"line":39},"2":{"loc":{"start":{"line":40,"column":6},"end":{"line":47,"column":7}},"type":"if","locations":[{"start":{"line":40,"column":6},"end":{"line":47,"column":7}},{"start":{},"end":{}}],"line":40},"3":{"loc":{"start":{"line":58,"column":19},"end":{"line":58,"column":82}},"type":"binary-expr","locations":[{"start":{"line":58,"column":19},"end":{"line":58,"column":28}},{"start":{"line":58,"column":32},"end":{"line":58,"column":47}},{"start":{"line":58,"column":51},"end":{"line":58,"column":63}},{"start":{"line":58,"column":67},"end":{"line":58,"column":82}}],"line":58},"4":{"loc":{"start":{"line":63,"column":64},"end":{"line":63,"column":88}},"type":"binary-expr","locations":[{"start":{"line":63,"column":64},"end":{"line":63,"column":77}},{"start":{"line":63,"column":81},"end":{"line":63,"column":88}}],"line":63},"5":{"loc":{"start":{"line":70,"column":26},"end":{"line":70,"column":60}},"type":"binary-expr","locations":[{"start":{"line":70,"column":26},"end":{"line":70,"column":52}},{"start":{"line":70,"column":56},"end":{"line":70,"column":60}}],"line":70},"6":{"loc":{"start":{"line":86,"column":2},"end":{"line":87,"column":85}},"type":"if","locations":[{"start":{"line":86,"column":2},"end":{"line":87,"column":85}},{"start":{},"end":{}}],"line":86},"7":{"loc":{"start":{"line":86,"column":6},"end":{"line":86,"column":27}},"type":"binary-expr","locations":[{"start":{"line":86,"column":6},"end":{"line":86,"column":12}},{"start":{"line":86,"column":16},"end":{"line":86,"column":27}}],"line":86},"8":{"loc":{"start":{"line":97,"column":4},"end":{"line":98,"column":88}},"type":"if","locations":[{"start":{"line":97,"column":4},"end":{"line":98,"column":88}},{"start":{},"end":{}}],"line":97},"9":{"loc":{"start":{"line":103,"column":4},"end":{"line":163,"column":5}},"type":"if","locations":[{"start":{"line":103,"column":4},"end":{"line":163,"column":5}},{"start":{},"end":{}}],"line":103},"10":{"loc":{"start":{"line":116,"column":30},"end":{"line":116,"column":80}},"type":"binary-expr","locations":[{"start":{"line":116,"column":30},"end":{"line":116,"column":55}},{"start":{"line":116,"column":59},"end":{"line":116,"column":80}}],"line":116},"11":{"loc":{"start":{"line":120,"column":6},"end":{"line":136,"column":7}},"type":"if","locations":[{"start":{"line":120,"column":6},"end":{"line":136,"column":7}},{"start":{},"end":{}}],"line":120},"12":{"loc":{"start":{"line":125,"column":8},"end":{"line":135,"column":9}},"type":"if","locations":[{"start":{"line":125,"column":8},"end":{"line":135,"column":9}},{"start":{"line":133,"column":15},"end":{"line":135,"column":9}}],"line":125},"13":{"loc":{"start":{"line":139,"column":6},"end":{"line":147,"column":7}},"type":"if","locations":[{"start":{"line":139,"column":6},"end":{"line":147,"column":7}},{"start":{},"end":{}}],"line":139},"14":{"loc":{"start":{"line":154,"column":26},"end":{"line":154,"column":58}},"type":"binary-expr","locations":[{"start":{"line":154,"column":26},"end":{"line":154,"column":51}},{"start":{"line":154,"column":55},"end":{"line":154,"column":58}}],"line":154},"15":{"loc":{"start":{"line":160,"column":20},"end":{"line":160,"column":40}},"type":"binary-expr","locations":[{"start":{"line":160,"column":20},"end":{"line":160,"column":32}},{"start":{"line":160,"column":36},"end":{"line":160,"column":40}}],"line":160},"16":{"loc":{"start":{"line":173,"column":27},"end":{"line":173,"column":57}},"type":"binary-expr","locations":[{"start":{"line":173,"column":27},"end":{"line":173,"column":52}},{"start":{"line":173,"column":56},"end":{"line":173,"column":57}}],"line":173},"17":{"loc":{"start":{"line":202,"column":4},"end":{"line":203,"column":76}},"type":"if","locations":[{"start":{"line":202,"column":4},"end":{"line":203,"column":76}},{"start":{},"end":{}}],"line":202},"18":{"loc":{"start":{"line":206,"column":4},"end":{"line":212,"column":5}},"type":"if","locations":[{"start":{"line":206,"column":4},"end":{"line":212,"column":5}},{"start":{},"end":{}}],"line":206},"19":{"loc":{"start":{"line":229,"column":2},"end":{"line":230,"column":85}},"type":"if","locations":[{"start":{"line":229,"column":2},"end":{"line":230,"column":85}},{"start":{},"end":{}}],"line":229},"20":{"loc":{"start":{"line":229,"column":6},"end":{"line":229,"column":32}},"type":"binary-expr","locations":[{"start":{"line":229,"column":6},"end":{"line":229,"column":17}},{"start":{"line":229,"column":21},"end":{"line":229,"column":32}}],"line":229},"21":{"loc":{"start":{"line":249,"column":4},"end":{"line":265,"column":5}},"type":"if","locations":[{"start":{"line":249,"column":4},"end":{"line":265,"column":5}},{"start":{},"end":{}}],"line":249},"22":{"loc":{"start":{"line":249,"column":8},"end":{"line":249,"column":79}},"type":"binary-expr","locations":[{"start":{"line":249,"column":8},"end":{"line":249,"column":50}},{"start":{"line":249,"column":54},"end":{"line":249,"column":79}}],"line":249},"23":{"loc":{"start":{"line":254,"column":6},"end":{"line":264,"column":7}},"type":"if","locations":[{"start":{"line":254,"column":6},"end":{"line":264,"column":7}},{"start":{"line":262,"column":13},"end":{"line":264,"column":7}}],"line":254}},"s":{"0":2,"1":2,"2":2,"3":2,"4":8,"5":8,"6":8,"7":8,"8":8,"9":8,"10":8,"11":8,"12":2,"13":2,"14":8,"15":8,"16":7,"17":2,"18":1,"19":1,"20":1,"21":5,"22":8,"23":8,"24":5,"25":5,"26":5,"27":1,"28":1,"29":2,"30":7,"31":7,"32":1,"33":6,"34":6,"35":5,"36":1,"37":4,"38":4,"39":3,"40":3,"41":3,"42":3,"43":3,"44":3,"45":3,"46":3,"47":3,"48":0,"49":3,"50":3,"51":3,"52":3,"53":3,"54":3,"55":1,"56":1,"57":1,"58":1,"59":1,"60":1,"61":2,"62":4,"63":4,"64":4,"65":4,"66":3,"67":1,"68":2,"69":1,"70":2,"71":1,"72":1,"73":2,"74":4,"75":4,"76":1,"77":3,"78":3,"79":2,"80":2,"81":2,"82":2,"83":1,"84":1,"85":1,"86":1,"87":0,"88":2,"89":1,"90":1,"91":2},"f":{"0":8,"1":8,"2":8,"3":7,"4":4,"5":4},"b":{"0":[2,6],"1":[2,5],"2":[1,1],"3":[8,7,7,6],"4":[5,4],"5":[5,4],"6":[1,6],"7":[7,7],"8":[1,4],"9":[3,1],"10":[3,0],"11":[3,0],"12":[3,0],"13":[3,0],"14":[3,0],"15":[3,0],"16":[1,0],"17":[1,2],"18":[1,1],"19":[1,3],"20":[4,4],"21":[1,1],"22":[2,1],"23":[1,0]},"_coverageSchema":"1a1c01bbd47fc00a2c39e90264f33305004495a9","hash":"4a21cf1a8fe4446e24a260a49c9f4dae4d0f11dc"}
}
