TN:
SF:routes/auth.js
FN:10,(anonymous_0)
FN:68,(anonymous_1)
FN:99,(anonymous_2)
FN:148,(anonymous_3)
FN:167,(anonymous_4)
FNF:5
FNH:5
FNDA:4,(anonymous_0)
FNDA:4,(anonymous_1)
FNDA:7,(anonymous_2)
FNDA:3,(anonymous_3)
FNDA:3,(anonymous_4)
DA:1,2
DA:2,2
DA:3,2
DA:4,2
DA:10,2
DA:11,4
DA:13,4
DA:14,4
DA:20,3
DA:21,1
DA:23,2
DA:26,2
DA:28,2
DA:29,2
DA:38,1
DA:39,1
DA:40,1
DA:42,1
DA:45,1
DA:46,1
DA:47,1
DA:51,2
DA:53,2
DA:59,1
DA:60,1
DA:61,1
DA:68,2
DA:69,4
DA:71,4
DA:72,1
DA:74,3
DA:75,3
DA:77,3
DA:84,2
DA:91,1
DA:92,1
DA:99,2
DA:100,7
DA:102,7
DA:103,1
DA:105,6
DA:106,6
DA:111,5
DA:113,4
DA:114,4
DA:116,4
DA:119,3
DA:120,1
DA:124,1
DA:127,3
DA:139,1
DA:140,1
DA:148,2
DA:149,3
DA:151,3
DA:167,3
DA:176,2
DA:182,1
DA:183,1
DA:187,2
LF:60
LH:60
BRDA:20,0,0,1
BRDA:20,0,1,2
BRDA:51,1,0,2
BRDA:51,1,1,0
BRDA:71,2,0,1
BRDA:71,2,1,3
BRDA:71,3,0,4
BRDA:71,3,1,4
BRDA:71,3,2,3
BRDA:102,4,0,1
BRDA:102,4,1,6
BRDA:102,5,0,7
BRDA:102,5,1,7
BRDA:111,6,0,1
BRDA:111,6,1,4
BRDA:116,7,0,1
BRDA:116,7,1,3
BRDA:119,8,0,1
BRDA:119,8,1,2
BRDA:119,9,0,3
BRDA:119,9,1,1
BRDA:171,10,0,3
BRDA:171,10,1,0
BRDA:172,11,0,3
BRDA:172,11,1,0
BRDA:173,12,0,3
BRDA:173,12,1,1
BRF:27
BRH:24
end_of_record
TN:
SF:routes/conquistas.js
FN:5,(anonymous_0)
FNF:1
FNH:1
FNDA:4,(anonymous_0)
DA:1,2
DA:2,2
DA:3,2
DA:5,2
DA:6,4
DA:8,4
DA:9,4
DA:16,3
DA:18,1
DA:19,1
DA:23,2
LF:11
LH:11
BRF:0
BRH:0
end_of_record
TN:
SF:routes/deepweb.js
FN:5,(anonymous_0)
FNF:1
FNH:1
FNDA:7,(anonymous_0)
DA:1,1
DA:2,1
DA:3,1
DA:5,1
DA:6,7
DA:8,7
DA:9,1
DA:11,6
DA:12,6
DA:13,6
DA:15,6
DA:16,3
DA:18,3
DA:19,3
DA:24,2
DA:27,1
DA:28,1
DA:32,1
LF:18
LH:18
BRDA:8,0,0,1
BRDA:8,0,1,6
BRDA:8,1,0,7
BRDA:8,1,1,7
BRDA:8,1,2,7
BRDA:15,2,0,3
BRDA:15,2,1,3
BRDA:15,3,0,6
BRDA:15,3,1,5
BRDA:15,3,2,4
BRF:10
BRH:10
end_of_record
TN:
SF:routes/docker.js
FN:39,findAvailablePort
FN:82,checkPortAvailable
FN:83,(anonymous_2)
FN:90,(anonymous_3)
FN:94,(anonymous_4)
FN:98,(anonymous_5)
FN:105,createContainer
FN:106,(anonymous_7)
FN:149,(anonymous_8)
FN:153,(anonymous_9)
FN:159,(anonymous_10)
FN:174,(anonymous_11)
FN:183,stopContainer
FN:184,(anonymous_13)
FN:189,(anonymous_14)
FN:194,(anonymous_15)
FN:205,(anonymous_16)
FN:374,(anonymous_17)
FN:425,(anonymous_18)
FN:453,checkContainerRunning
FN:454,(anonymous_20)
FN:458,(anonymous_21)
FN:462,(anonymous_22)
FN:466,(anonymous_23)
FN:473,cleanupInactiveContainers
FNF:25
FNH:12
FNDA:4,findAvailablePort
FNDA:0,checkPortAvailable
FNDA:0,(anonymous_2)
FNDA:0,(anonymous_3)
FNDA:0,(anonymous_4)
FNDA:0,(anonymous_5)
FNDA:4,createContainer
FNDA:4,(anonymous_7)
FNDA:2,(anonymous_8)
FNDA:0,(anonymous_9)
FNDA:2,(anonymous_10)
FNDA:0,(anonymous_11)
FNDA:0,stopContainer
FNDA:0,(anonymous_13)
FNDA:0,(anonymous_14)
FNDA:0,(anonymous_15)
FNDA:8,(anonymous_16)
FNDA:7,(anonymous_17)
FNDA:5,(anonymous_18)
FNDA:1,checkContainerRunning
FNDA:1,(anonymous_20)
FNDA:1,(anonymous_21)
FNDA:1,(anonymous_22)
FNDA:0,(anonymous_23)
FNDA:0,cleanupInactiveContainers
DA:1,1
DA:2,1
DA:3,1
DA:4,1
DA:8,1
DA:11,1
DA:12,1
DA:13,1
DA:16,1
DA:19,1
DA:40,4
DA:42,4
DA:47,0
DA:49,0
DA:51,0
DA:52,0
DA:54,0
DA:58,0
DA:59,0
DA:60,0
DA:61,0
DA:63,0
DA:64,0
DA:65,0
DA:67,0
DA:71,0
DA:73,4
DA:75,4
DA:83,0
DA:84,0
DA:89,0
DA:90,0
DA:91,0
DA:94,0
DA:95,0
DA:98,0
DA:106,4
DA:107,4
DA:109,4
DA:111,4
DA:119,4
DA:120,0
DA:123,0
DA:126,0
DA:127,0
DA:138,4
DA:139,4
DA:142,4
DA:144,4
DA:146,4
DA:147,4
DA:149,4
DA:150,2
DA:153,2
DA:154,0
DA:155,0
DA:156,0
DA:159,2
DA:160,2
DA:161,0
DA:162,0
DA:165,2
DA:167,0
DA:169,2
DA:174,2
DA:175,0
DA:184,0
DA:185,0
DA:187,0
DA:189,0
DA:190,0
DA:191,0
DA:194,0
DA:195,0
DA:196,0
DA:205,1
DA:206,8
DA:208,8
DA:209,3
DA:215,5
DA:216,5
DA:217,1
DA:223,4
DA:225,4
DA:228,4
DA:234,4
DA:235,1
DA:236,1
DA:238,1
DA:240,0
DA:244,0
DA:246,0
DA:254,1
DA:255,1
DA:259,1
DA:264,4
DA:265,0
DA:266,0
DA:268,0
DA:269,0
DA:274,4
DA:275,4
DA:278,4
DA:280,0
DA:283,0
DA:284,0
DA:285,0
DA:289,4
DA:290,4
DA:292,4
DA:293,4
DA:294,4
DA:295,4
DA:297,4
DA:298,0
DA:299,0
DA:302,0
DA:303,0
DA:304,0
DA:307,4
DA:310,4
DA:311,0
DA:312,0
DA:313,0
DA:316,4
DA:322,0
DA:323,0
DA:328,0
DA:338,0
DA:341,0
DA:353,0
DA:362,4
DA:363,4
DA:374,1
DA:375,7
DA:377,7
DA:378,3
DA:384,4
DA:385,4
DA:386,4
DA:388,4
DA:389,4
DA:396,0
DA:399,0
DA:402,0
DA:407,0
DA:413,0
DA:414,0
DA:425,1
DA:426,5
DA:428,5
DA:429,5
DA:436,4
DA:442,1
DA:443,1
DA:454,1
DA:455,1
DA:457,1
DA:458,1
DA:459,1
DA:462,1
DA:463,1
DA:466,1
DA:474,0
DA:475,0
DA:477,0
DA:479,0
DA:480,0
DA:482,0
DA:483,0
DA:485,0
DA:486,0
DA:487,0
DA:489,0
DA:494,0
DA:501,1
DA:503,1
LF:177
LH:92
BRDA:12,0,0,1
BRDA:12,0,1,0
BRDA:13,1,0,1
BRDA:13,1,1,0
BRDA:49,2,0,0
BRDA:49,2,1,0
BRDA:63,3,0,0
BRDA:63,3,1,0
BRDA:119,4,0,0
BRDA:119,4,1,4
BRDA:160,5,0,0
BRDA:160,5,1,2
BRDA:160,6,0,2
BRDA:160,6,1,2
BRDA:165,7,0,0
BRDA:165,7,1,2
BRDA:165,8,0,2
BRDA:165,8,1,2
BRDA:208,9,0,3
BRDA:208,9,1,5
BRDA:208,10,0,8
BRDA:208,10,1,6
BRDA:216,11,0,1
BRDA:216,11,1,4
BRDA:234,12,0,1
BRDA:234,12,1,3
BRDA:238,13,0,0
BRDA:238,13,1,1
BRDA:240,14,0,0
BRDA:240,14,1,0
BRDA:264,15,0,0
BRDA:264,15,1,4
BRDA:268,16,0,0
BRDA:268,16,1,0
BRDA:278,17,0,0
BRDA:278,17,1,4
BRDA:310,18,0,0
BRDA:310,18,1,4
BRDA:322,19,0,0
BRDA:322,19,1,0
BRDA:350,20,0,0
BRDA:350,20,1,0
BRDA:377,21,0,3
BRDA:377,21,1,4
BRDA:377,22,0,7
BRDA:377,22,1,5
BRDA:388,23,0,4
BRDA:388,23,1,0
BRDA:482,24,0,0
BRDA:482,24,1,0
BRF:50
BRH:26
end_of_record
TN:
SF:routes/labs.js
FN:4,(anonymous_0)
FN:23,(anonymous_1)
FNF:2
FNH:2
FNDA:7,(anonymous_0)
FNDA:2,(anonymous_1)
DA:1,1
DA:2,1
DA:4,1
DA:5,7
DA:6,7
DA:8,7
DA:13,7
DA:14,3
DA:16,4
DA:23,1
DA:24,2
DA:27,1
LF:12
LH:12
BRDA:6,0,0,7
BRDA:6,0,1,1
BRDA:13,1,0,3
BRDA:13,1,1,4
BRF:4
BRH:4
end_of_record
TN:
SF:routes/narrador.js
FN:10,(anonymous_0)
FN:57,(anonymous_1)
FN:58,(anonymous_2)
FN:83,(anonymous_3)
FN:192,(anonymous_4)
FN:226,(anonymous_5)
FNF:6
FNH:6
FNDA:8,(anonymous_0)
FNDA:8,(anonymous_1)
FNDA:8,(anonymous_2)
FNDA:7,(anonymous_3)
FNDA:4,(anonymous_4)
FNDA:4,(anonymous_5)
DA:1,2
DA:2,2
DA:3,2
DA:10,2
DA:11,8
DA:12,8
DA:13,8
DA:15,8
DA:18,8
DA:21,8
DA:27,8
DA:30,8
DA:31,2
DA:32,2
DA:35,8
DA:37,8
DA:39,7
DA:40,2
DA:41,1
DA:42,1
DA:49,1
DA:56,5
DA:57,8
DA:58,8
DA:62,5
DA:63,5
DA:65,5
DA:75,1
DA:76,1
DA:83,2
DA:84,7
DA:86,7
DA:87,1
DA:89,6
DA:90,6
DA:97,5
DA:98,1
DA:100,4
DA:103,4
DA:106,3
DA:111,3
DA:116,3
DA:117,3
DA:120,3
DA:121,3
DA:125,3
DA:126,3
DA:132,3
DA:134,0
DA:139,3
DA:140,3
DA:146,3
DA:150,3
DA:154,3
DA:156,3
DA:166,1
DA:173,1
DA:174,1
DA:176,1
DA:184,1
DA:185,1
DA:192,2
DA:193,4
DA:194,4
DA:196,4
DA:197,4
DA:202,3
DA:203,1
DA:206,2
DA:207,1
DA:214,2
DA:217,1
DA:218,1
DA:226,2
DA:227,4
DA:229,4
DA:230,1
DA:232,3
DA:234,3
DA:238,2
DA:239,2
DA:242,2
DA:249,2
DA:250,1
DA:254,1
DA:255,1
DA:261,1
DA:263,0
DA:267,2
DA:270,1
DA:271,1
DA:275,2
LF:92
LH:90
BRDA:30,0,0,2
BRDA:30,0,1,6
BRDA:39,1,0,2
BRDA:39,1,1,5
BRDA:40,2,0,1
BRDA:40,2,1,1
BRDA:58,3,0,8
BRDA:58,3,1,7
BRDA:58,3,2,7
BRDA:58,3,3,6
BRDA:63,4,0,5
BRDA:63,4,1,4
BRDA:70,5,0,5
BRDA:70,5,1,4
BRDA:86,6,0,1
BRDA:86,6,1,6
BRDA:86,7,0,7
BRDA:86,7,1,7
BRDA:97,8,0,1
BRDA:97,8,1,4
BRDA:103,9,0,3
BRDA:103,9,1,1
BRDA:116,10,0,3
BRDA:116,10,1,0
BRDA:120,11,0,3
BRDA:120,11,1,0
BRDA:125,12,0,3
BRDA:125,12,1,0
BRDA:139,13,0,3
BRDA:139,13,1,0
BRDA:154,14,0,3
BRDA:154,14,1,0
BRDA:160,15,0,3
BRDA:160,15,1,0
BRDA:173,16,0,1
BRDA:173,16,1,0
BRDA:202,17,0,1
BRDA:202,17,1,2
BRDA:206,18,0,1
BRDA:206,18,1,1
BRDA:229,19,0,1
BRDA:229,19,1,3
BRDA:229,20,0,4
BRDA:229,20,1,4
BRDA:249,21,0,1
BRDA:249,21,1,1
BRDA:249,22,0,2
BRDA:249,22,1,1
BRDA:254,23,0,1
BRDA:254,23,1,0
BRF:50
BRH:42
end_of_record
